Program run at: Sun Sep  3 18:32:23 2017	Getting 776496182 data...
Program run at: Sun Sep  3 18:32:35 2017	Getting 763248352 data...
Exception occured: Sun Sep  3 18:32:35 2017
'gbk' codec can't encode character '\u2726' in position 20356: illegal multibyte sequence
Program run at: Sun Sep  3 18:32:35 2017	Getting 752651553 data...
Exception occured: Sun Sep  3 18:32:36 2017
'gbk' codec can't encode character '\u207d' in position 16311: illegal multibyte sequence
Program run at: Sun Sep  3 18:32:36 2017	Getting 752083061 data...
Exception occured: Sun Sep  3 18:32:37 2017
'gbk' codec can't encode character '\u261e' in position 3857: illegal multibyte sequence
Program run at: Sun Sep  3 18:32:37 2017	Getting 751640756 data...
Exception occured: Sun Sep  3 18:32:37 2017
'gbk' codec can't encode character '\u2076' in position 16915: illegal multibyte sequence
Program run at: Sun Sep  3 18:32:37 2017	Getting 744047249 data...
744047249 Cannot access..
Program run at: Sun Sep  3 18:32:43 2017	Getting 737040987 data...
Exception occured: Sun Sep  3 18:32:43 2017
'gbk' codec can't encode character '\u2740' in position 12981: illegal multibyte sequence
Program run at: Sun Sep  3 18:32:43 2017	Getting 734161354 data...
Exception occured: Sun Sep  3 18:33:06 2017
'gbk' codec can't encode character '\u0e07' in position 23774: illegal multibyte sequence
Program run at: Sun Sep  3 18:33:06 2017	Getting 731260935 data...
Exception occured: Sun Sep  3 18:33:18 2017
'gbk' codec can't encode character '\U0001f984' in position 78584: illegal multibyte sequence
Program run at: Sun Sep  3 18:33:18 2017	Getting 707156554 data...
Exception occured: Sun Sep  3 18:33:26 2017
'gbk' codec can't encode character '\uff9f' in position 24834: illegal multibyte sequence
Program run at: Sun Sep  3 18:33:26 2017	Getting 705477936 data...
Exception occured: Sun Sep  3 18:33:38 2017
'gbk' codec can't encode character '\u0e51' in position 25016: illegal multibyte sequence
Program run at: Sun Sep  3 18:33:38 2017	Getting 702034958 data...
Exception occured: Sun Sep  3 18:33:38 2017
'gbk' codec can't encode character '\uff65' in position 1038: illegal multibyte sequence
Program run at: Sun Sep  3 18:33:38 2017	Getting 694120308 data...
Exception occured: Sun Sep  3 18:33:39 2017
'gbk' codec can't encode character '\u0ca1' in position 7391: illegal multibyte sequence
Program run at: Sun Sep  3 18:33:39 2017	Getting 674126627 data...
Exception occured: Sun Sep  3 18:33:40 2017
'gbk' codec can't encode character '\u053e' in position 1939: illegal multibyte sequence
Program run at: Sun Sep  3 18:33:40 2017	Getting 673176577 data...
Exception occured: Sun Sep  3 18:34:21 2017
'gbk' codec can't encode character '\u266a' in position 3013: illegal multibyte sequence
Program run at: Sun Sep  3 18:34:21 2017	Getting 664209092 data...
Exception occured: Sun Sep  3 18:34:22 2017
'gbk' codec can't encode character '\U0001f914' in position 16979: illegal multibyte sequence
Program run at: Sun Sep  3 18:34:22 2017	Getting 656725784 data...
Exception occured: Sun Sep  3 18:34:25 2017
'gbk' codec can't encode character '\u0ca1' in position 5058: illegal multibyte sequence
Program run at: Sun Sep  3 18:34:25 2017	Getting 643060605 data...
Program run at: Sun Sep  3 18:34:36 2017	Getting 635586343 data...
Exception occured: Sun Sep  3 18:34:37 2017
'gbk' codec can't encode character '\xf1' in position 36714: illegal multibyte sequence
Program run at: Sun Sep  3 18:34:37 2017	Getting 627014473 data...
Exception occured: Sun Sep  3 18:34:49 2017
'gbk' codec can't encode character '\u265b' in position 16610: illegal multibyte sequence
Program run at: Sun Sep  3 18:34:49 2017	Getting 617276318 data...
Exception occured: Sun Sep  3 18:34:50 2017
'gbk' codec can't encode character '\u2664' in position 25812: illegal multibyte sequence
Program run at: Sun Sep  3 18:34:50 2017	Getting 616193859 data...
Exception occured: Sun Sep  3 18:34:50 2017
'gbk' codec can't encode character '\uff78' in position 21729: illegal multibyte sequence
Program run at: Sun Sep  3 18:34:50 2017	Getting 615279160 data...
Program run at: Sun Sep  3 18:35:02 2017	Getting 604035064 data...
Exception occured: Sun Sep  3 18:35:02 2017
'gbk' codec can't encode character '\u0e51' in position 32443: illegal multibyte sequence
Program run at: Sun Sep  3 18:35:02 2017	Getting 603389225 data...
Exception occured: Sun Sep  3 18:35:03 2017
'gbk' codec can't encode character '\u266b' in position 3443: illegal multibyte sequence
Program run at: Sun Sep  3 18:35:03 2017	Getting 594744724 data...
Exception occured: Sun Sep  3 18:35:04 2017
'gbk' codec can't encode character '\ud6c4' in position 113341: illegal multibyte sequence
Program run at: Sun Sep  3 18:35:04 2017	Getting 582416005 data...
Exception occured: Sun Sep  3 18:35:05 2017
'gbk' codec can't encode character '\u2020' in position 22305: illegal multibyte sequence
Program run at: Sun Sep  3 18:35:05 2017	Getting 573959158 data...
Exception occured: Sun Sep  3 18:35:06 2017
'gbk' codec can't encode character '\u265a' in position 1018: illegal multibyte sequence
Program run at: Sun Sep  3 18:35:06 2017	Getting 572567665 data...
572567665 Cannot access..
Program run at: Sun Sep  3 18:35:11 2017	Getting 562897941 data...
Program run at: Sun Sep  3 18:35:22 2017	Getting 553865499 data...
Exception occured: Sun Sep  3 18:35:23 2017
'gbk' codec can't encode character '\ue7e7' in position 157392: illegal multibyte sequence
Program run at: Sun Sep  3 18:35:23 2017	Getting 549707647 data...
Exception occured: Sun Sep  3 18:35:30 2017
'gbk' codec can't encode character '\ubd80' in position 31880: illegal multibyte sequence
Program run at: Sun Sep  3 18:35:30 2017	Getting 547698346 data...
Exception occured: Sun Sep  3 18:35:30 2017
'gbk' codec can't encode character '\U0001f914' in position 49872: illegal multibyte sequence
Program run at: Sun Sep  3 18:35:30 2017	Getting 545162757 data...
Program run at: Sun Sep  3 18:35:41 2017	Getting 532907980 data...
Exception occured: Sun Sep  3 18:35:42 2017
'gbk' codec can't encode character '\u0283' in position 3416: illegal multibyte sequence
Program run at: Sun Sep  3 18:35:42 2017	Getting 531887851 data...
Exception occured: Sun Sep  3 18:35:43 2017
'gbk' codec can't encode character '\xe6' in position 12074: illegal multibyte sequence
Program run at: Sun Sep  3 18:35:43 2017	Getting 530343572 data...
Program run at: Sun Sep  3 18:35:48 2017	Getting 524564253 data...
Exception occured: Sun Sep  3 18:35:49 2017
'gbk' codec can't encode character '\ub2ec' in position 34937: illegal multibyte sequence
Program run at: Sun Sep  3 18:35:49 2017	Getting 524435899 data...
Exception occured: Sun Sep  3 18:35:56 2017
'gbk' codec can't encode character '\u266a' in position 49523: illegal multibyte sequence
Program run at: Sun Sep  3 18:35:56 2017	Getting 523283574 data...
Exception occured: Sun Sep  3 18:35:56 2017
'gbk' codec can't encode character '\u2200' in position 77603: illegal multibyte sequence
Program run at: Sun Sep  3 18:35:56 2017	Getting 517128100 data...
Exception occured: Sun Sep  3 18:35:57 2017
'gbk' codec can't encode character '\ue822' in position 15424: illegal multibyte sequence
Program run at: Sun Sep  3 18:35:57 2017	Getting 514333938 data...
Exception occured: Sun Sep  3 18:35:57 2017
'gbk' codec can't encode character '\u0505' in position 7834: illegal multibyte sequence
Program run at: Sun Sep  3 18:35:58 2017	Getting 510752420 data...
Program run at: Sun Sep  3 18:36:08 2017	Getting 502775238 data...
Exception occured: Sun Sep  3 18:36:09 2017
'gbk' codec can't encode character '\u2022' in position 7238: illegal multibyte sequence
Program run at: Sun Sep  3 18:36:09 2017	Getting 498617076 data...
Exception occured: Sun Sep  3 18:36:10 2017
'gbk' codec can't encode character '\u34b2' in position 16822: illegal multibyte sequence
Program run at: Sun Sep  3 18:36:10 2017	Getting 497169038 data...
Exception occured: Sun Sep  3 18:36:12 2017
'gbk' codec can't encode character '\u273f' in position 13014: illegal multibyte sequence
Program run at: Sun Sep  3 18:36:12 2017	Getting 490527234 data...
Exception occured: Sun Sep  3 18:36:13 2017
'gbk' codec can't encode character '\xb2' in position 422: illegal multibyte sequence
Program run at: Sun Sep  3 18:36:13 2017	Getting 489631573 data...
Exception occured: Sun Sep  3 18:36:14 2017
'gbk' codec can't encode character '\ufe0f' in position 4255: illegal multibyte sequence
Program run at: Sun Sep  3 18:36:14 2017	Getting 477809248 data...
Exception occured: Sun Sep  3 18:36:15 2017
'gbk' codec can't encode character '\u20a9' in position 4746: illegal multibyte sequence
Program run at: Sun Sep  3 18:36:15 2017	Getting 474601345 data...
Exception occured: Sun Sep  3 18:36:16 2017
'gbk' codec can't encode character '\u261e' in position 999: illegal multibyte sequence
Program run at: Sun Sep  3 18:36:16 2017	Getting 3564304936 data...
3564304936 Cannot access..
Program run at: Sun Sep  3 18:36:22 2017	Getting 3206557084 data...
3206557084 Cannot access..
Program run at: Sun Sep  3 18:36:27 2017	Getting 2992965440 data...
2992965440 Cannot access..
Program run at: Sun Sep  3 18:36:32 2017	Getting 2992012317 data...
Exception occured: Sun Sep  3 18:36:39 2017
'gbk' codec can't encode character '\U0001f353' in position 34400: illegal multibyte sequence
Program run at: Sun Sep  3 18:36:39 2017	Getting 2991529861 data...
Exception occured: Sun Sep  3 18:36:39 2017
'gbk' codec can't encode character '\u2661' in position 13906: illegal multibyte sequence
Program run at: Sun Sep  3 18:36:39 2017	Getting 2591125481 data...
2591125481 Cannot access..
Program run at: Sun Sep  3 18:36:45 2017	Getting 2565543503 data...
Program run at: Sun Sep  3 18:36:50 2017	Getting 2544152176 data...
Exception occured: Sun Sep  3 18:36:51 2017
'gbk' codec can't encode character '\u261e' in position 14228: illegal multibyte sequence
Program run at: Sun Sep  3 18:36:51 2017	Getting 2541987684 data...
Exception occured: Sun Sep  3 18:36:52 2017
'gbk' codec can't encode character '\U0001f937' in position 4541: illegal multibyte sequence
Program run at: Sun Sep  3 18:36:52 2017	Getting 2494919610 data...
Exception occured: Sun Sep  3 18:36:53 2017
'gbk' codec can't encode character '\u0e07' in position 29536: illegal multibyte sequence
Program run at: Sun Sep  3 18:36:53 2017	Getting 2480906980 data...
Exception occured: Sun Sep  3 18:36:53 2017
'gbk' codec can't encode character '\u261e' in position 9216: illegal multibyte sequence
Program run at: Sun Sep  3 18:36:53 2017	Getting 2363581494 data...
Exception occured: Sun Sep  3 18:36:59 2017
'gbk' codec can't encode character '\xc9' in position 15275: illegal multibyte sequence
Program run at: Sun Sep  3 18:36:59 2017	Getting 2318273839 data...
Exception occured: Sun Sep  3 18:37:00 2017
'gbk' codec can't encode character '\u0e07' in position 38352: illegal multibyte sequence
Program run at: Sun Sep  3 18:37:00 2017	Getting 2304834236 data...
Exception occured: Sun Sep  3 18:37:01 2017
'gbk' codec can't encode character '\xe7' in position 13409: illegal multibyte sequence
Program run at: Sun Sep  3 18:37:01 2017	Getting 2276975917 data...
Exception occured: Sun Sep  3 18:37:01 2017
'gbk' codec can't encode character '\U0001f918' in position 382: illegal multibyte sequence
Program run at: Sun Sep  3 18:37:01 2017	Getting 2274570131 data...
Program run at: Sun Sep  3 18:37:13 2017	Getting 2261554595 data...
2261554595 Cannot access..
Program run at: Sun Sep  3 18:37:18 2017	Getting 2213041768 data...
Exception occured: Sun Sep  3 18:37:19 2017
'gbk' codec can't encode character '\u2022' in position 44457: illegal multibyte sequence
Program run at: Sun Sep  3 18:37:19 2017	Getting 2207274071 data...
Exception occured: Sun Sep  3 18:37:19 2017
'gbk' codec can't encode character '\u261e' in position 34196: illegal multibyte sequence
Program run at: Sun Sep  3 18:37:19 2017	Getting 1994797244 data...
Exception occured: Sun Sep  3 18:37:26 2017
'gbk' codec can't encode character '\u0e51' in position 27261: illegal multibyte sequence
Program run at: Sun Sep  3 18:37:26 2017	Getting 1967608446 data...
Exception occured: Sun Sep  3 18:37:26 2017
'gbk' codec can't encode character '\u2022' in position 271: illegal multibyte sequence
Program run at: Sun Sep  3 18:37:26 2017	Getting 1965897640 data...
Exception occured: Sun Sep  3 18:37:27 2017
'gbk' codec can't encode character '\u0e31' in position 24923: illegal multibyte sequence
Program run at: Sun Sep  3 18:37:27 2017	Getting 1813594279 data...
1813594279 Cannot access..
Program run at: Sun Sep  3 18:37:32 2017	Getting 1794845820 data...
Exception occured: Sun Sep  3 18:37:33 2017
'gbk' codec can't encode character '\xb4' in position 31931: illegal multibyte sequence
Program run at: Sun Sep  3 18:37:33 2017	Getting 1783360526 data...
Exception occured: Sun Sep  3 18:37:34 2017
'gbk' codec can't encode character '\u2740' in position 21277: illegal multibyte sequence
Program run at: Sun Sep  3 18:37:34 2017	Getting 1770669022 data...
Program run at: Sun Sep  3 18:37:45 2017	Getting 1731832375 data...
1731832375 Cannot access..
Program run at: Sun Sep  3 18:37:50 2017	Getting 1622847789 data...
Exception occured: Sun Sep  3 18:37:51 2017
'gbk' codec can't encode character '\u261e' in position 21030: illegal multibyte sequence
Program run at: Sun Sep  3 18:37:51 2017	Getting 1570698768 data...
Exception occured: Sun Sep  3 18:37:53 2017
'gbk' codec can't encode character '\u0ca1' in position 16470: illegal multibyte sequence
Program run at: Sun Sep  3 18:37:53 2017	Getting 1554706527 data...
Exception occured: Sun Sep  3 18:37:54 2017
'gbk' codec can't encode character '\u200c' in position 8365: illegal multibyte sequence
Program run at: Sun Sep  3 18:37:54 2017	Getting 1547612187 data...
1547612187 Cannot access..
Program run at: Sun Sep  3 18:37:59 2017	Getting 1534451354 data...
Exception occured: Sun Sep  3 18:38:00 2017
'gbk' codec can't encode character '\u2766' in position 80652: illegal multibyte sequence
Program run at: Sun Sep  3 18:38:00 2017	Getting 1528401936 data...
Exception occured: Sun Sep  3 18:38:01 2017
'gbk' codec can't encode character '\u0295' in position 39541: illegal multibyte sequence
Program run at: Sun Sep  3 18:38:01 2017	Getting 1481767878 data...
Exception occured: Sun Sep  3 18:38:02 2017
'gbk' codec can't encode character '\u261e' in position 2527: illegal multibyte sequence
Program run at: Sun Sep  3 18:38:02 2017	Getting 1477546868 data...
Exception occured: Sun Sep  3 18:38:02 2017
'gbk' codec can't encode character '\U0001f62d' in position 4947: illegal multibyte sequence
Program run at: Sun Sep  3 18:38:02 2017	Getting 1459055626 data...
Exception occured: Sun Sep  3 18:38:04 2017
'gbk' codec can't encode character '\u2d2c' in position 2517: illegal multibyte sequence
Program run at: Sun Sep  3 18:38:04 2017	Getting 1451616554 data...
Exception occured: Sun Sep  3 18:38:05 2017
'gbk' codec can't encode character '\xd6' in position 5130: illegal multibyte sequence
Program run at: Sun Sep  3 18:38:05 2017	Getting 1425156415 data...
Exception occured: Sun Sep  3 18:38:06 2017
'gbk' codec can't encode character '\xbb' in position 51762: illegal multibyte sequence
Program run at: Sun Sep  3 18:38:06 2017	Getting 1412909973 data...
1412909973 Cannot access..
Program run at: Sun Sep  3 18:38:12 2017	Getting 1404287509 data...
Exception occured: Sun Sep  3 18:38:13 2017
'gbk' codec can't encode character '\u265a' in position 18377: illegal multibyte sequence
Program run at: Sun Sep  3 18:38:13 2017	Getting 1393724995 data...
Exception occured: Sun Sep  3 18:38:13 2017
'gbk' codec can't encode character '\uac15' in position 22233: illegal multibyte sequence
Program run at: Sun Sep  3 18:38:13 2017	Getting 1370395339 data...
1370395339 Cannot access..
Program run at: Sun Sep  3 18:38:19 2017	Getting 1367275593 data...
Program run at: Sun Sep  3 18:38:31 2017	Getting 1362675489 data...
Exception occured: Sun Sep  3 18:38:32 2017
'gbk' codec can't encode character '\u20e2' in position 50792: illegal multibyte sequence
Program run at: Sun Sep  3 18:38:32 2017	Getting 1359315399 data...
Exception occured: Sun Sep  3 18:38:33 2017
'gbk' codec can't encode character '\u265a' in position 18518: illegal multibyte sequence
Program run at: Sun Sep  3 18:38:33 2017	Getting 1353852402 data...
1353852402 Cannot access..
Program run at: Sun Sep  3 18:38:38 2017	Getting 1351277780 data...
Program run at: Sun Sep  3 18:38:50 2017	Getting 1349050855 data...
Exception occured: Sun Sep  3 18:38:51 2017
'gbk' codec can't encode character '\xbc' in position 29438: illegal multibyte sequence
Program run at: Sun Sep  3 18:38:51 2017	Getting 1327071958 data...
Program run at: Sun Sep  3 18:39:02 2017	Getting 1312798916 data...
Program run at: Sun Sep  3 18:39:13 2017	Getting 1312623755 data...
Program run at: Sun Sep  3 18:39:24 2017	Getting 1286439381 data...
Exception occured: Sun Sep  3 18:39:25 2017
'gbk' codec can't encode character '\u2022' in position 40556: illegal multibyte sequence
Program run at: Sun Sep  3 18:39:25 2017	Getting 1282670915 data...
Exception occured: Sun Sep  3 18:39:26 2017
'gbk' codec can't encode character '\u261e' in position 64095: illegal multibyte sequence
Program run at: Sun Sep  3 18:39:26 2017	Getting 1275823860 data...
Exception occured: Sun Sep  3 18:39:27 2017
'gbk' codec can't encode character '\u2207' in position 50544: illegal multibyte sequence
Program run at: Sun Sep  3 18:39:27 2017	Getting 1275521112 data...
Exception occured: Sun Sep  3 18:39:27 2017
'gbk' codec can't encode character '\u266c' in position 17890: illegal multibyte sequence
Program run at: Sun Sep  3 18:39:27 2017	Getting 1263072135 data...
Program run at: Sun Sep  3 18:39:38 2017	Getting 1249028251 data...
Exception occured: Sun Sep  3 18:39:39 2017
'gbk' codec can't encode character '\xa0' in position 68167: illegal multibyte sequence
Program run at: Sun Sep  3 18:39:39 2017	Getting 1217437609 data...
1217437609 Cannot access..
Program run at: Sun Sep  3 18:39:44 2017	Getting 1216581392 data...
Exception occured: Sun Sep  3 18:39:45 2017
'gbk' codec can't encode character '\u060c' in position 5201: illegal multibyte sequence
Program run at: Sun Sep  3 18:39:45 2017	Getting 1205424945 data...
Exception occured: Sun Sep  3 18:39:51 2017
'gbk' codec can't encode character '\u261e' in position 22911: illegal multibyte sequence
Program run at: Sun Sep  3 18:39:51 2017	Getting 1195747261 data...
Exception occured: Sun Sep  3 18:39:52 2017
'gbk' codec can't encode character '\u2200' in position 19541: illegal multibyte sequence
Program run at: Sun Sep  3 18:39:52 2017	Getting 1193241226 data...
Exception occured: Sun Sep  3 18:39:53 2017
'gbk' codec can't encode character '\u273f' in position 19980: illegal multibyte sequence
Program run at: Sun Sep  3 18:39:53 2017	Getting 1191819546 data...
Exception occured: Sun Sep  3 18:39:54 2017
'gbk' codec can't encode character '\xb4' in position 1212: illegal multibyte sequence
Program run at: Sun Sep  3 18:39:54 2017	Getting 1191519261 data...
Program run at: Sun Sep  3 18:40:27 2017	Getting 1187566153 data...
Exception occured: Sun Sep  3 18:40:28 2017
'gbk' codec can't encode character '\ud6c4' in position 41719: illegal multibyte sequence
Program run at: Sun Sep  3 18:40:28 2017	Getting 1179662529 data...
1179662529 Cannot access..
Program run at: Sun Sep  3 18:40:33 2017	Getting 1171525115 data...
1171525115 Cannot access..
Program run at: Sun Sep  3 18:40:38 2017	Getting 1148651065 data...
Exception occured: Sun Sep  3 18:40:39 2017
'gbk' codec can't encode character '\ue812' in position 10064: illegal multibyte sequence
Program run at: Sun Sep  3 18:40:39 2017	Getting 1140636547 data...
Exception occured: Sun Sep  3 18:40:40 2017
'gbk' codec can't encode character '\u2654' in position 11913: illegal multibyte sequence
Program run at: Sun Sep  3 18:40:40 2017	Getting 1104288017 data...
Exception occured: Sun Sep  3 18:40:40 2017
'gbk' codec can't encode character '\U0001f495' in position 101560: illegal multibyte sequence
Program run at: Sun Sep  3 18:40:40 2017	Getting 1099005061 data...
Exception occured: Sun Sep  3 18:40:41 2017
'gbk' codec can't encode character '\u265b' in position 17348: illegal multibyte sequence
Program run at: Sun Sep  3 18:40:41 2017	Getting 1094828998 data...
Exception occured: Sun Sep  3 18:40:41 2017
'gbk' codec can't encode character '\u270e' in position 5221: illegal multibyte sequence
Program run at: Sun Sep  3 18:40:42 2017	Getting 1085330098 data...
1085330098 Cannot access..
Program run at: Sun Sep  3 18:40:47 2017	Getting 1084749142 data...
Exception occured: Sun Sep  3 18:40:47 2017
'gbk' codec can't encode character '\u261e' in position 3775: illegal multibyte sequence
Program run at: Sun Sep  3 18:40:47 2017	Getting 1076989605 data...
Exception occured: Sun Sep  3 18:40:48 2017
'gbk' codec can't encode character '\u202d' in position 50180: illegal multibyte sequence
Program run at: Sun Sep  3 18:40:48 2017	Getting 1074216247 data...
Exception occured: Sun Sep  3 18:40:49 2017
'gbk' codec can't encode character '\ua9c1' in position 18079: illegal multibyte sequence
Program run at: Sun Sep  3 18:40:49 2017	Getting 1060745366 data...
Exception occured: Sun Sep  3 18:40:56 2017
'gbk' codec can't encode character '\uff9e' in position 72880: illegal multibyte sequence
Program run at: Sun Sep  3 18:40:57 2017	Getting 1060597907 data...
Exception occured: Sun Sep  3 18:40:57 2017
'gbk' codec can't encode character '\u0a6d' in position 230: illegal multibyte sequence
Program run at: Sun Sep  3 18:40:57 2017	Getting 1054958813 data...
Program run at: Sun Sep  3 18:41:09 2017	Getting 1032017699 data...
Exception occured: Sun Sep  3 18:41:10 2017
'gbk' codec can't encode character '\ud6c4' in position 53289: illegal multibyte sequence
Program run at: Sun Sep  3 18:41:10 2017	Getting 1026507821 data...
Program run at: Sun Sep  3 18:41:16 2017	Getting 1024457347 data...
Exception occured: Sun Sep  3 18:41:17 2017
'gbk' codec can't encode character '\u10e6' in position 11151: illegal multibyte sequence
Program run at: Sun Sep  3 18:41:17 2017	Getting 1023571692 data...
Exception occured: Sun Sep  3 18:41:17 2017
'gbk' codec can't encode character '\uff78' in position 51491: illegal multibyte sequence
Program run at: Sun Sep  3 18:41:17 2017	Getting 1009816939 data...
Exception occured: Sun Sep  3 18:41:25 2017
'gbk' codec can't encode character '\ua9c1' in position 46990: illegal multibyte sequence
Program run at: Sun Sep  3 18:41:25 2017	Getting 1003468551 data...
Exception occured: Sun Sep  3 18:41:32 2017
'gbk' codec can't encode character '\U0001f955' in position 14493: illegal multibyte sequence
Program run at: Sun Sep  3 18:41:32 2017	Getting 997710947 data...
Program run at: Sun Sep  3 18:41:43 2017	Getting 995598856 data...
Exception occured: Sun Sep  3 18:41:50 2017
'gbk' codec can't encode character '\u266a' in position 25479: illegal multibyte sequence
Program run at: Sun Sep  3 18:41:50 2017	Getting 992509401 data...
Exception occured: Sun Sep  3 18:41:50 2017
'gbk' codec can't encode character '\u06af' in position 3644: illegal multibyte sequence
Program run at: Sun Sep  3 18:41:50 2017	Getting 991832171 data...
Exception occured: Sun Sep  3 18:41:51 2017
'gbk' codec can't encode character '\u2718' in position 10853: illegal multibyte sequence
Program run at: Sun Sep  3 18:41:51 2017	Getting 991294485 data...
Exception occured: Sun Sep  3 18:42:14 2017
'gbk' codec can't encode character '\u266a' in position 24746: illegal multibyte sequence
Program run at: Sun Sep  3 18:42:14 2017	Getting 985093223 data...
Exception occured: Sun Sep  3 18:42:15 2017
'gbk' codec can't encode character '\u0505' in position 42273: illegal multibyte sequence
Program run at: Sun Sep  3 18:42:15 2017	Getting 982065617 data...
Exception occured: Sun Sep  3 18:42:15 2017
'gbk' codec can't encode character '\u2718' in position 35433: illegal multibyte sequence
Program run at: Sun Sep  3 18:42:15 2017	Getting 981005876 data...
Exception occured: Sun Sep  3 18:42:22 2017
'gbk' codec can't encode character '\u0634' in position 68370: illegal multibyte sequence
Program run at: Sun Sep  3 18:42:22 2017	Getting 963312098 data...
Exception occured: Sun Sep  3 18:42:23 2017
'gbk' codec can't encode character '\xa0' in position 9776: illegal multibyte sequence
Program run at: Sun Sep  3 18:42:23 2017	Getting 962881182 data...
Exception occured: Sun Sep  3 18:42:24 2017
'gbk' codec can't encode character '\u266a' in position 24558: illegal multibyte sequence
Program run at: Sun Sep  3 18:42:24 2017	Getting 923498111 data...
Program run at: Sun Sep  3 18:42:35 2017	Getting 909271635 data...
Exception occured: Sun Sep  3 18:42:36 2017
'gbk' codec can't encode character '\u273f' in position 1993: illegal multibyte sequence
Program run at: Sun Sep  3 18:42:36 2017	Getting 892417215 data...
892417215 Cannot access..
Program run at: Sun Sep  3 18:42:42 2017	Getting 879235843 data...
Program run at: Sun Sep  3 18:42:47 2017	Getting 874639905 data...
Exception occured: Sun Sep  3 18:42:48 2017
'gbk' codec can't encode character '\u265b' in position 4053: illegal multibyte sequence
Program run at: Sun Sep  3 18:42:48 2017	Getting 863821761 data...
Exception occured: Sun Sep  3 18:42:49 2017
'gbk' codec can't encode character '\u261e' in position 48979: illegal multibyte sequence
Program run at: Sun Sep  3 18:42:49 2017	Getting 862894859 data...
862894859 Cannot access..
Program run at: Sun Sep  3 18:42:54 2017	Getting 861040653 data...
Program run at: Sun Sep  3 18:43:10 2017	Getting 854257760 data...
Exception occured: Sun Sep  3 18:43:11 2017
'gbk' codec can't encode character '\u2718' in position 46882: illegal multibyte sequence
Program run at: Sun Sep  3 18:43:11 2017	Getting 853531127 data...
Exception occured: Sun Sep  3 18:43:12 2017
'gbk' codec can't encode character '\xb4' in position 9414: illegal multibyte sequence
Program run at: Sun Sep  3 18:43:12 2017	Getting 843439904 data...
Exception occured: Sun Sep  3 18:43:13 2017
'gbk' codec can't encode character '\u0e51' in position 1007: illegal multibyte sequence
Program run at: Sun Sep  3 18:43:13 2017	Getting 827372196 data...
827372196 Cannot access..
Program run at: Sun Sep  3 18:43:19 2017	Getting 827053414 data...
Exception occured: Sun Sep  3 18:43:19 2017
'gbk' codec can't encode character '\ud6c4' in position 14519: illegal multibyte sequence
Program run at: Sun Sep  3 18:43:19 2017	Getting 820652251 data...
820652251 Cannot access..
Program run at: Sun Sep  3 18:43:25 2017	Getting 819791500 data...
Exception occured: Sun Sep  3 18:43:25 2017
'gbk' codec can't encode character '\uc7a5' in position 35386: illegal multibyte sequence
Program run at: Sun Sep  3 18:43:25 2017	Getting 814867780 data...
Exception occured: Sun Sep  3 18:43:27 2017
'gbk' codec can't encode character '\u2022' in position 7259: illegal multibyte sequence
Program run at: Sun Sep  3 18:43:27 2017	Getting 809124852 data...
Exception occured: Sun Sep  3 18:43:27 2017
'gbk' codec can't encode character '\u0e51' in position 79163: illegal multibyte sequence
Program run at: Sun Sep  3 18:43:27 2017	Getting 782415601 data...
Exception occured: Sun Sep  3 18:43:28 2017
'gbk' codec can't encode character '\ub2ec' in position 104039: illegal multibyte sequence
Program run at: Sun Sep  3 18:43:28 2017	Getting 782166337 data...
782166337 Cannot access..
Program run at: Sun Sep  3 18:43:33 2017	Getting 779131094 data...
Exception occured: Sun Sep  3 18:43:34 2017
'gbk' codec can't encode character '\u0e51' in position 18583: illegal multibyte sequence
Program run at: Sun Sep  3 18:43:34 2017	Getting 778759601 data...
Exception occured: Sun Sep  3 18:43:35 2017
'gbk' codec can't encode character '\u273f' in position 37826: illegal multibyte sequence
Program run at: Sun Sep  3 18:43:35 2017	Getting 474318905 data...
Program run at: Sun Sep  3 18:43:47 2017	Getting 466732461 data...
Exception occured: Sun Sep  3 18:43:47 2017
'gbk' codec can't encode character '\u0e53' in position 44898: illegal multibyte sequence
Program run at: Sun Sep  3 18:43:47 2017	Getting 457797140 data...
457797140 Cannot access..
Program run at: Sun Sep  3 18:43:53 2017	Getting 454466543 data...
454466543 Cannot access..
Program run at: Sun Sep  3 18:43:58 2017	Getting 444062758 data...
Exception occured: Sun Sep  3 18:43:58 2017
'gbk' codec can't encode character '\xa5' in position 16782: illegal multibyte sequence
Program run at: Sun Sep  3 18:43:58 2017	Getting 435071947 data...
Exception occured: Sun Sep  3 18:43:59 2017
'gbk' codec can't encode character '\U0001f618' in position 13555: illegal multibyte sequence
Program run at: Sun Sep  3 18:43:59 2017	Getting 429007867 data...
429007867 Cannot access..
Program run at: Sun Sep  3 18:44:04 2017	Getting 423342164 data...
Exception occured: Sun Sep  3 18:44:16 2017
'gbk' codec can't encode character '\xac' in position 3106: illegal multibyte sequence
Program run at: Sun Sep  3 18:44:16 2017	Getting 421712758 data...
Exception occured: Sun Sep  3 18:44:16 2017
'gbk' codec can't encode character '\u2661' in position 94312: illegal multibyte sequence
Program run at: Sun Sep  3 18:44:16 2017	Getting 414567991 data...
Exception occured: Sun Sep  3 18:44:34 2017
'gbk' codec can't encode character '\u0639' in position 14919: illegal multibyte sequence
Program run at: Sun Sep  3 18:44:34 2017	Getting 408801805 data...
Exception occured: Sun Sep  3 18:44:34 2017
'gbk' codec can't encode character '\uff9f' in position 3888: illegal multibyte sequence
Program run at: Sun Sep  3 18:44:34 2017	Getting 401063380 data...
Exception occured: Sun Sep  3 18:44:57 2017
'gbk' codec can't encode character '\u0295' in position 4252: illegal multibyte sequence
Program run at: Sun Sep  3 18:44:57 2017	Getting 395677310 data...
Exception occured: Sun Sep  3 18:44:57 2017
'gbk' codec can't encode character '\u2022' in position 10850: illegal multibyte sequence
Program run at: Sun Sep  3 18:44:57 2017	Getting 374063709 data...
Exception occured: Sun Sep  3 18:45:03 2017
'gbk' codec can't encode character '\u261e' in position 5916: illegal multibyte sequence
Program run at: Sun Sep  3 18:45:03 2017	Getting 364600344 data...
Exception occured: Sun Sep  3 18:45:04 2017
'gbk' codec can't encode character '\ue823' in position 8058: illegal multibyte sequence
Program run at: Sun Sep  3 18:45:04 2017	Getting 362525411 data...
Exception occured: Sun Sep  3 18:45:05 2017
'gbk' codec can't encode character '\uff61' in position 4802: illegal multibyte sequence
Program run at: Sun Sep  3 18:45:05 2017	Getting 362478105 data...
Exception occured: Sun Sep  3 18:45:05 2017
'gbk' codec can't encode character '\u2022' in position 38898: illegal multibyte sequence
Program run at: Sun Sep  3 18:45:05 2017	Getting 357306382 data...
Exception occured: Sun Sep  3 18:45:06 2017
'gbk' codec can't encode character '\u265b' in position 7299: illegal multibyte sequence
Program run at: Sun Sep  3 18:45:06 2017	Getting 330857451 data...
Exception occured: Sun Sep  3 18:45:06 2017
'gbk' codec can't encode character '\u263b' in position 37244: illegal multibyte sequence
Program run at: Sun Sep  3 18:45:06 2017	Getting 329441718 data...
Program run at: Sun Sep  3 18:45:28 2017	Getting 326400266 data...
Program run at: Sun Sep  3 18:45:45 2017	Getting 307238710 data...
Exception occured: Sun Sep  3 18:45:45 2017
'gbk' codec can't encode character '\u25aa' in position 232: illegal multibyte sequence
Program run at: Sun Sep  3 18:45:45 2017	Getting 307169496 data...
Exception occured: Sun Sep  3 18:45:46 2017
'gbk' codec can't encode character '\u261e' in position 4720: illegal multibyte sequence
Program run at: Sun Sep  3 18:45:46 2017	Getting 306151455 data...
306151455 Cannot access..
Program run at: Sun Sep  3 18:45:51 2017	Getting 295658864 data...
295658864 Cannot access..
Program run at: Sun Sep  3 18:45:56 2017	Getting 295620498 data...
Exception occured: Sun Sep  3 18:45:57 2017
'gbk' codec can't encode character '\U0001f1f5' in position 2589: illegal multibyte sequence
Program run at: Sun Sep  3 18:45:57 2017	Getting 295000784 data...
Exception occured: Sun Sep  3 18:45:57 2017
'gbk' codec can't encode character '\u0e51' in position 58214: illegal multibyte sequence
Program run at: Sun Sep  3 18:45:57 2017	Getting 294793748 data...
Exception occured: Sun Sep  3 18:45:58 2017
'gbk' codec can't encode character '\u2133' in position 31243: illegal multibyte sequence
Program run at: Sun Sep  3 18:45:58 2017	Getting 294231065 data...
Exception occured: Sun Sep  3 18:45:59 2017
'gbk' codec can't encode character '\ufe0f' in position 15108: illegal multibyte sequence
Program run at: Sun Sep  3 18:45:59 2017	Getting 291710833 data...
Exception occured: Sun Sep  3 18:46:00 2017
'gbk' codec can't encode character '\u0f04' in position 25815: illegal multibyte sequence
Program run at: Sun Sep  3 18:46:00 2017	Getting 285924736 data...
285924736 Cannot access..
Program run at: Sun Sep  3 18:46:05 2017	Getting 285037995 data...
Exception occured: Sun Sep  3 18:46:05 2017
'gbk' codec can't encode character '\u261e' in position 7635: illegal multibyte sequence
Program run at: Sun Sep  3 18:46:05 2017	Getting 276415152 data...
276415152 Cannot access..
Program run at: Sun Sep  3 18:46:11 2017	Getting 275668304 data...
Exception occured: Sun Sep  3 18:46:12 2017
'gbk' codec can't encode character '\ud6c4' in position 1648: illegal multibyte sequence
Program run at: Sun Sep  3 18:46:12 2017	Getting 250606325 data...
Exception occured: Sun Sep  3 18:46:12 2017
'gbk' codec can't encode character '\u2022' in position 9066: illegal multibyte sequence
Program run at: Sun Sep  3 18:46:12 2017	Getting 244584221 data...
Program run at: Sun Sep  3 18:46:23 2017	Getting 214105181 data...
Exception occured: Sun Sep  3 18:46:24 2017
'gbk' codec can't encode character '\uf8ff' in position 32058: illegal multibyte sequence
Program run at: Sun Sep  3 18:46:24 2017	Getting 173373031 data...
Program run at: Sun Sep  3 18:46:40 2017	Getting 158089018 data...
Exception occured: Sun Sep  3 18:46:47 2017
'gbk' codec can't encode character '\u273f' in position 29494: illegal multibyte sequence
Program run at: Sun Sep  3 18:46:47 2017	Getting 148164434 data...
Exception occured: Sun Sep  3 18:46:53 2017
'gbk' codec can't encode character '\u261e' in position 23385: illegal multibyte sequence
Program run at: Sun Sep  3 18:46:53 2017	Getting 137904549 data...
Exception occured: Sun Sep  3 18:46:54 2017
'gbk' codec can't encode character '\uae30' in position 61490: illegal multibyte sequence
Program run at: Sun Sep  3 18:46:54 2017	Getting 136128641 data...
136128641 Cannot access..
Program run at: Sun Sep  3 18:46:59 2017	Getting 125254067 data...
Exception occured: Sun Sep  3 18:47:05 2017
'gbk' codec can't encode character '\xf1' in position 3697: illegal multibyte sequence
Program run at: Sun Sep  3 18:47:05 2017	Getting 120521253 data...
Exception occured: Sun Sep  3 18:47:06 2017
'gbk' codec can't encode character '\U0001f914' in position 3423: illegal multibyte sequence
Program run at: Sun Sep  3 18:47:06 2017	Getting 120480597 data...
120480597 Cannot access..
Program run at: Sun Sep  3 18:47:11 2017	Getting 108873768 data...
Exception occured: Sun Sep  3 18:47:12 2017
'gbk' codec can't encode character '\xe7' in position 16588: illegal multibyte sequence
Program run at: Sun Sep  3 18:47:12 2017	Getting 64204725 data...
64204725 Cannot access..
Program run at: Sun Sep  3 18:47:17 2017	Getting 46716737 data...
Exception occured: Sun Sep  3 18:47:18 2017
'gbk' codec can't encode character '\u266a' in position 10874: illegal multibyte sequence
Program run at: Sun Sep  3 18:47:18 2017	Getting 41457893 data...
41457893 Cannot access..
Program run at: Sun Sep  3 18:47:23 2017	Getting 24182666 data...
Exception occured: Sun Sep  3 18:47:35 2017
'gbk' codec can't encode character '\u25cd' in position 30350: illegal multibyte sequence
